# JRE version: OpenJDK Runtime Environment (10.0.2+13) (build 10.0.2+13-Ubuntu-1ubuntu0.18.04.3)
# Java VM: OpenJDK 64-Bit Server VM (10.0.2+13-Ubuntu-1ubuntu0.18.04.3, mixed mode, tiered, compressed oops, g1 gc, linux-amd64)
Heap:
 garbage-first heap   total 126976K, used 27220K [0x0000000084c00000, 0x0000000100000000)
  region size 1024K, 24 young (24576K), 3 survivors (3072K)
 Metaspace       used 26569K, capacity 27140K, committed 27520K, reserved 1073152K
  class space    used 2559K, capacity 2846K, committed 2944K, reserved 1048576K
GC Heap History (6 events):
Event: 0,833 GC heap before
{Heap before GC invocations=0 (full 0):
 garbage-first heap   total 126976K, used 14336K [0x0000000084c00000, 0x0000000100000000)
  region size 1024K, 14 young (14336K), 0 survivors (0K)
 Metaspace       used 12292K, capacity 12468K, committed 12800K, reserved 1060864K
  class space    used 1145K, capacity 1222K, committed 1280K, reserved 1048576K
}
Event: 0,839 GC heap after
{Heap after GC invocations=1 (full 0):
 garbage-first heap   total 126976K, used 3959K [0x0000000084c00000, 0x0000000100000000)
  region size 1024K, 2 young (2048K), 2 survivors (2048K)
 Metaspace       used 12292K, capacity 12468K, committed 12800K, reserved 1060864K
  class space    used 1145K, capacity 1222K, committed 1280K, reserved 1048576K
}
Event: 1,027 GC heap before
{Heap before GC invocations=1 (full 0):
 garbage-first heap   total 126976K, used 8055K [0x0000000084c00000, 0x0000000100000000)
  region size 1024K, 6 young (6144K), 2 survivors (2048K)
 Metaspace       used 14099K, capacity 14324K, committed 14464K, reserved 1062912K
  class space    used 1305K, capacity 1391K, committed 1408K, reserved 1048576K
}
Event: 1,033 GC heap after
{Heap after GC invocations=2 (full 0):
 garbage-first heap   total 126976K, used 4882K [0x0000000084c00000, 0x0000000100000000)
  region size 1024K, 1 young (1024K), 1 survivors (1024K)
 Metaspace       used 14099K, capacity 14324K, committed 14464K, reserved 1062912K
  class space    used 1305K, capacity 1391K, committed 1408K, reserved 1048576K
}
Event: 3,947 GC heap before
{Heap before GC invocations=2 (full 0):
 garbage-first heap   total 126976K, used 15122K [0x0000000084c00000, 0x0000000100000000)
  region size 1024K, 12 young (12288K), 1 survivors (1024K)
 Metaspace       used 20538K, capacity 20972K, committed 21248K, reserved 1069056K
  class space    used 2024K, capacity 2258K, committed 2304K, reserved 1048576K
}
Event: 3,954 GC heap after
{Heap after GC invocations=3 (full 0):
 garbage-first heap   total 126976K, used 6740K [0x0000000084c00000, 0x0000000100000000)
  region size 1024K, 3 young (3072K), 3 survivors (3072K)
 Metaspace       used 20538K, capacity 20972K, committed 21248K, reserved 1069056K
  class space    used 2024K, capacity 2258K, committed 2304K, reserved 1048576K
}

